SF:C:\Users\Carlos.romero\Desktop\ChallengeAPI\ProductAPI\src\ProductAPI.Api\Program.cs
FN:8,System.Void Program/<<Main>$>d__0::MoveNext()
FNDA:0,System.Void Program/<<Main>$>d__0::MoveNext()
DA:9,0
DA:11,0
DA:12,0
DA:16,0
DA:18,0
DA:19,0
DA:20,0
DA:21,0
DA:22,0
DA:23,0
DA:24,0
DA:25,0
DA:26,0
DA:28,0
DA:29,0
DA:33,0
DA:34,0
DA:35,0
DA:36,0
DA:37,0
DA:41,0
DA:42,0
DA:43,0
DA:44,0
DA:45,0
DA:46,0
DA:47,0
DA:48,0
DA:49,0
DA:50,0
BRDA:41,427,0,0
BRDA:41,427,1,0
LF:30
LH:0
BRF:2
BRH:0
FNF:1
FNH:0
end_of_record
SF:C:\Users\Carlos.romero\Desktop\ChallengeAPI\ProductAPI\src\ProductAPI.Api\Middleware\ErrorHandlerMiddleware.cs
FN:12,System.Void ProductAPI.Api.Middleware.ErrorHandlerMiddleware::.ctor(Microsoft.AspNetCore.Http.RequestDelegate)
FNDA:2,System.Void ProductAPI.Api.Middleware.ErrorHandlerMiddleware::.ctor(Microsoft.AspNetCore.Http.RequestDelegate)
DA:13,2
DA:14,2
DA:15,2
DA:16,2
FN:18,System.Void ProductAPI.Api.Middleware.ErrorHandlerMiddleware/<Invoke>d__2::MoveNext()
FNDA:2,System.Void ProductAPI.Api.Middleware.ErrorHandlerMiddleware/<Invoke>d__2::MoveNext()
DA:19,2
DA:21,2
DA:22,2
DA:23,0
DA:24,2
DA:25,2
DA:26,2
DA:27,2
DA:29,2
DA:32,1
DA:33,1
DA:34,1
DA:35,1
DA:36,1
DA:37,1
DA:38,1
DA:39,1
DA:42,1
DA:43,1
DA:44,1
DA:45,3
DA:46,0
DA:47,0
DA:48,0
DA:49,1
DA:50,1
DA:51,1
DA:52,1
DA:53,1
DA:54,1
DA:55,1
DA:58,2
DA:59,2
BRDA:29,285,0,1
BRDA:29,285,1,1
BRDA:29,310,1,1
BRDA:45,694,1,0
BRDA:45,694,0,1
BRDA:29,310,0,2
LF:37
LH:33
BRF:6
BRH:5
FNF:2
FNH:2
end_of_record
SF:C:\Users\Carlos.romero\Desktop\ChallengeAPI\ProductAPI\src\ProductAPI.Api\Controllers\Purchase\PurchaseController.cs
FN:11,System.Void ProductAPI.Api.Controllers.Purchase.PurchaseController::.ctor(MediatR.IMediator)
FNDA:2,System.Void ProductAPI.Api.Controllers.Purchase.PurchaseController::.ctor(MediatR.IMediator)
DA:12,2
DA:13,2
DA:14,2
DA:15,2
FN:18,System.Void ProductAPI.Api.Controllers.Purchase.PurchaseController/<Create>d__2::MoveNext()
FNDA:1,System.Void ProductAPI.Api.Controllers.Purchase.PurchaseController/<Create>d__2::MoveNext()
DA:19,1
DA:20,1
DA:21,1
DA:22,1
FN:25,System.Void ProductAPI.Api.Controllers.Purchase.PurchaseController/<Get>d__3::MoveNext()
FNDA:1,System.Void ProductAPI.Api.Controllers.Purchase.PurchaseController/<Get>d__3::MoveNext()
DA:26,1
DA:27,1
DA:28,1
DA:29,1
LF:12
LH:12
BRF:0
BRH:0
FNF:3
FNH:3
end_of_record
SF:C:\Users\Carlos.romero\Desktop\ChallengeAPI\ProductAPI\src\ProductAPI.Api\Controllers\Product\ProductController.cs
FN:15,System.Void ProductAPI.Api.Controllers.Product.ProductController::.ctor(MediatR.IMediator)
FNDA:9,System.Void ProductAPI.Api.Controllers.Product.ProductController::.ctor(MediatR.IMediator)
DA:16,9
DA:17,9
DA:18,9
DA:19,9
FN:36,System.Void ProductAPI.Api.Controllers.Product.ProductController/<Add>d__4::MoveNext()
FNDA:2,System.Void ProductAPI.Api.Controllers.Product.ProductController/<Add>d__4::MoveNext()
DA:37,2
DA:38,2
DA:40,2
DA:41,2
FN:52,System.Void ProductAPI.Api.Controllers.Product.ProductController/<Delete>d__6::MoveNext()
FNDA:2,System.Void ProductAPI.Api.Controllers.Product.ProductController/<Delete>d__6::MoveNext()
DA:53,2
DA:54,2
DA:56,2
DA:57,2
FN:22,System.Void ProductAPI.Api.Controllers.Product.ProductController/<GetPaginatedResult>d__2::MoveNext()
FNDA:2,System.Void ProductAPI.Api.Controllers.Product.ProductController/<GetPaginatedResult>d__2::MoveNext()
DA:23,2
DA:24,2
DA:25,2
DA:26,2
FN:29,System.Void ProductAPI.Api.Controllers.Product.ProductController/<GetProductById>d__3::MoveNext()
FNDA:1,System.Void ProductAPI.Api.Controllers.Product.ProductController/<GetProductById>d__3::MoveNext()
DA:30,1
DA:31,1
DA:32,1
DA:33,1
FN:44,System.Void ProductAPI.Api.Controllers.Product.ProductController/<Update>d__5::MoveNext()
FNDA:2,System.Void ProductAPI.Api.Controllers.Product.ProductController/<Update>d__5::MoveNext()
DA:45,2
DA:46,2
DA:48,2
DA:49,2
LF:24
LH:24
BRF:0
BRH:0
FNF:6
FNH:6
end_of_record
SF:C:\Users\Carlos.romero\Desktop\ChallengeAPI\ProductAPI\src\ProductAPI.Application\DependencyInjection.cs
FN:13,Microsoft.Extensions.DependencyInjection.IServiceCollection ProductAPI.Application.DependencyInjection::AddCoreDependencies(Microsoft.Extensions.DependencyInjection.IServiceCollection)
FNDA:0,Microsoft.Extensions.DependencyInjection.IServiceCollection ProductAPI.Application.DependencyInjection::AddCoreDependencies(Microsoft.Extensions.DependencyInjection.IServiceCollection)
DA:14,0
DA:15,0
DA:16,0
DA:17,0
DA:18,0
DA:19,0
DA:20,0
LF:7
LH:0
BRF:0
BRH:0
FNF:1
FNH:0
end_of_record
SF:C:\Users\Carlos.romero\Desktop\ChallengeAPI\ProductAPI\src\ProductAPI.Application\Queries\Purchase\ProductPurchaseDTO.cs
FN:3,System.Int32 ProductAPI.Application.Queries.Purchase.ProductPurchaseDTO::get_ProductId()
FNDA:0,System.Int32 ProductAPI.Application.Queries.Purchase.ProductPurchaseDTO::get_ProductId()
DA:4,0
FN:4,System.String ProductAPI.Application.Queries.Purchase.ProductPurchaseDTO::get_ProductName()
FNDA:0,System.String ProductAPI.Application.Queries.Purchase.ProductPurchaseDTO::get_ProductName()
DA:5,0
FN:5,System.Int32 ProductAPI.Application.Queries.Purchase.ProductPurchaseDTO::get_Quantity()
FNDA:0,System.Int32 ProductAPI.Application.Queries.Purchase.ProductPurchaseDTO::get_Quantity()
DA:6,0
LF:3
LH:0
BRF:0
BRH:0
FNF:3
FNH:0
end_of_record
SF:C:\Users\Carlos.romero\Desktop\ChallengeAPI\ProductAPI\src\ProductAPI.Application\Queries\Purchase\PurchaseDTO.cs
FN:6,System.Int32 ProductAPI.Application.Queries.Purchase.PurchaseDTO::get_PurchaseId()
FNDA:1,System.Int32 ProductAPI.Application.Queries.Purchase.PurchaseDTO::get_PurchaseId()
DA:7,1
FN:7,System.DateTime ProductAPI.Application.Queries.Purchase.PurchaseDTO::get_Date()
FNDA:1,System.DateTime ProductAPI.Application.Queries.Purchase.PurchaseDTO::get_Date()
DA:8,1
FN:8,System.String ProductAPI.Application.Queries.Purchase.PurchaseDTO::get_IdType()
FNDA:1,System.String ProductAPI.Application.Queries.Purchase.PurchaseDTO::get_IdType()
DA:9,1
FN:9,System.String ProductAPI.Application.Queries.Purchase.PurchaseDTO::get_IdNumber()
FNDA:1,System.String ProductAPI.Application.Queries.Purchase.PurchaseDTO::get_IdNumber()
DA:10,1
FN:10,System.String ProductAPI.Application.Queries.Purchase.PurchaseDTO::get_ClientName()
FNDA:1,System.String ProductAPI.Application.Queries.Purchase.PurchaseDTO::get_ClientName()
DA:11,1
FN:11,System.Collections.Generic.IEnumerable`1<ProductAPI.Application.Queries.Purchase.ProductPurchaseDTO> ProductAPI.Application.Queries.Purchase.PurchaseDTO::get_Products()
FNDA:0,System.Collections.Generic.IEnumerable`1<ProductAPI.Application.Queries.Purchase.ProductPurchaseDTO> ProductAPI.Application.Queries.Purchase.PurchaseDTO::get_Products()
DA:12,0
LF:6
LH:5
BRF:0
BRH:0
FNF:6
FNH:5
end_of_record
SF:C:\Users\Carlos.romero\Desktop\ChallengeAPI\ProductAPI\src\ProductAPI.Application\Queries\Purchase\GetPurchase\GetPurchaseQueryHandler.cs
FN:11,System.Void ProductAPI.Application.Queries.Purchase.GetPurchase.GetPurchaseQueryHandler::.ctor(ProductAPI.Application.Common.Interfaces.IUnitOfWork,AutoMapper.IMapper)
FNDA:0,System.Void ProductAPI.Application.Queries.Purchase.GetPurchase.GetPurchaseQueryHandler::.ctor(ProductAPI.Application.Common.Interfaces.IUnitOfWork,AutoMapper.IMapper)
DA:12,0
DA:13,0
DA:14,0
DA:15,0
DA:16,0
FN:18,System.Void ProductAPI.Application.Queries.Purchase.GetPurchase.GetPurchaseQueryHandler/<Handle>d__3::MoveNext()
FNDA:0,System.Void ProductAPI.Application.Queries.Purchase.GetPurchase.GetPurchaseQueryHandler/<Handle>d__3::MoveNext()
DA:19,0
DA:20,0
DA:21,0
DA:23,0
DA:24,0
DA:25,0
DA:26,0
DA:27,0
DA:28,0
DA:29,0
DA:30,0
DA:31,0
DA:32,0
DA:33,0
DA:34,0
DA:36,0
DA:37,0
DA:40,0
DA:41,0
BRDA:23,713,1,0
BRDA:26,630,1,0
BRDA:26,630,0,0
BRDA:23,713,0,0
LF:24
LH:0
BRF:4
BRH:0
FNF:2
FNH:0
end_of_record
SF:C:\Users\Carlos.romero\Desktop\ChallengeAPI\ProductAPI\src\ProductAPI.Application\Queries\Product\GetProductById\GetProductByIdQuery.cs
FN:7,System.Int32 ProductAPI.Application.Queries.Product.GetProductById.GetProductByIdQuery::get_ProductId()
FNDA:0,System.Int32 ProductAPI.Application.Queries.Product.GetProductById.GetProductByIdQuery::get_ProductId()
DA:8,0
LF:1
LH:0
BRF:0
BRH:0
FNF:1
FNH:0
end_of_record
SF:C:\Users\Carlos.romero\Desktop\ChallengeAPI\ProductAPI\src\ProductAPI.Application\Queries\Product\GetProductById\GetProductByIdQueryHandler.cs
FN:14,System.Void ProductAPI.Application.Queries.Product.GetProductById.GetProductByIdQueryHandler::.ctor(ProductAPI.Application.Common.Interfaces.IDapperService`1<ProductAPI.Domain.Models.Product>,AutoMapper.IMapper)
FNDA:0,System.Void ProductAPI.Application.Queries.Product.GetProductById.GetProductByIdQueryHandler::.ctor(ProductAPI.Application.Common.Interfaces.IDapperService`1<ProductAPI.Domain.Models.Product>,AutoMapper.IMapper)
DA:15,0
DA:16,0
DA:17,0
DA:18,0
DA:19,0
DA:20,0
FN:22,System.Void ProductAPI.Application.Queries.Product.GetProductById.GetProductByIdQueryHandler/<Handle>d__3::MoveNext()
FNDA:0,System.Void ProductAPI.Application.Queries.Product.GetProductById.GetProductByIdQueryHandler/<Handle>d__3::MoveNext()
DA:23,0
DA:24,0
DA:25,0
DA:26,0
DA:27,0
DA:28,0
DA:29,0
DA:30,0
DA:32,0
DA:33,0
DA:37,0
DA:38,0
BRDA:32,245,0,0
BRDA:32,245,1,0
LF:18
LH:0
BRF:2
BRH:0
FNF:2
FNH:0
end_of_record
SF:C:\Users\Carlos.romero\Desktop\ChallengeAPI\ProductAPI\src\ProductAPI.Application\Queries\Product\GetPaginatedProduct\GetPaginatedProductQuery.cs
FN:8,System.Int32 ProductAPI.Application.Queries.Product.GetPaginatedProduct.GetPaginatedProductQuery::get_PageNumber()
FNDA:0,System.Int32 ProductAPI.Application.Queries.Product.GetPaginatedProduct.GetPaginatedProductQuery::get_PageNumber()
DA:9,0
FN:9,System.Int32 ProductAPI.Application.Queries.Product.GetPaginatedProduct.GetPaginatedProductQuery::get_PageSize()
FNDA:0,System.Int32 ProductAPI.Application.Queries.Product.GetPaginatedProduct.GetPaginatedProductQuery::get_PageSize()
DA:10,0
LF:2
LH:0
BRF:0
BRH:0
FNF:2
FNH:0
end_of_record
SF:C:\Users\Carlos.romero\Desktop\ChallengeAPI\ProductAPI\src\ProductAPI.Application\Queries\Product\GetPaginatedProduct\GetPaginatedProductQueryHandler.cs
FN:13,System.Void ProductAPI.Application.Queries.Product.GetPaginatedProduct.GetPaginatedProductQueryHandler::.ctor(ProductAPI.Application.Common.Interfaces.IUnitOfWork,AutoMapper.IMapper)
FNDA:0,System.Void ProductAPI.Application.Queries.Product.GetPaginatedProduct.GetPaginatedProductQueryHandler::.ctor(ProductAPI.Application.Common.Interfaces.IUnitOfWork,AutoMapper.IMapper)
DA:14,0
DA:15,0
DA:16,0
DA:17,0
DA:18,0
FN:22,System.Boolean ProductAPI.Application.Queries.Product.GetPaginatedProduct.GetPaginatedProductQueryHandler/<>c::<Handle>b__3_0(ProductAPI.Domain.Models.Product)
FNDA:0,System.Boolean ProductAPI.Application.Queries.Product.GetPaginatedProduct.GetPaginatedProductQueryHandler/<>c::<Handle>b__3_0(ProductAPI.Domain.Models.Product)
DA:23,0
FN:19,System.Void ProductAPI.Application.Queries.Product.GetPaginatedProduct.GetPaginatedProductQueryHandler/<Handle>d__3::MoveNext()
FNDA:0,System.Void ProductAPI.Application.Queries.Product.GetPaginatedProduct.GetPaginatedProductQueryHandler/<Handle>d__3::MoveNext()
DA:20,0
DA:21,0
DA:22,0
DA:24,0
DA:25,0
DA:27,0
DA:29,0
LF:13
LH:0
BRF:0
BRH:0
FNF:3
FNH:0
end_of_record
SF:C:\Users\Carlos.romero\Desktop\ChallengeAPI\ProductAPI\src\ProductAPI.Application\Queries\Product\GetPaginatedProduct\ProductDTO.cs
FN:4,System.Int32 ProductAPI.Application.Queries.Product.GetPaginatedProduct.ProductDTO::get_ProductId()
FNDA:17,System.Int32 ProductAPI.Application.Queries.Product.GetPaginatedProduct.ProductDTO::get_ProductId()
DA:5,17
FN:5,System.String ProductAPI.Application.Queries.Product.GetPaginatedProduct.ProductDTO::get_ProductName()
FNDA:18,System.String ProductAPI.Application.Queries.Product.GetPaginatedProduct.ProductDTO::get_ProductName()
DA:6,18
FN:6,System.Int32 ProductAPI.Application.Queries.Product.GetPaginatedProduct.ProductDTO::get_InInventory()
FNDA:17,System.Int32 ProductAPI.Application.Queries.Product.GetPaginatedProduct.ProductDTO::get_InInventory()
DA:7,17
FN:7,System.Int32 ProductAPI.Application.Queries.Product.GetPaginatedProduct.ProductDTO::get_MaxPurchase()
FNDA:17,System.Int32 ProductAPI.Application.Queries.Product.GetPaginatedProduct.ProductDTO::get_MaxPurchase()
DA:8,17
FN:8,System.Int32 ProductAPI.Application.Queries.Product.GetPaginatedProduct.ProductDTO::get_MinPurchase()
FNDA:17,System.Int32 ProductAPI.Application.Queries.Product.GetPaginatedProduct.ProductDTO::get_MinPurchase()
DA:9,17
LF:5
LH:5
BRF:0
BRH:0
FNF:5
FNH:5
end_of_record
SF:C:\Users\Carlos.romero\Desktop\ChallengeAPI\ProductAPI\src\ProductAPI.Application\Configuration\Validation\ValidationBehaviour.cs
FN:10,System.Void ProductAPI.Application.Configuration.Validation.ValidationBehaviour`2::.ctor(System.Collections.Generic.IEnumerable`1<FluentValidation.IValidator`1<TRequest>>)
FNDA:0,System.Void ProductAPI.Application.Configuration.Validation.ValidationBehaviour`2::.ctor(System.Collections.Generic.IEnumerable`1<FluentValidation.IValidator`1<TRequest>>)
DA:11,0
DA:12,0
DA:13,0
DA:14,0
FN:26,System.Boolean ProductAPI.Application.Configuration.Validation.ValidationBehaviour`2/<>c::<Handle>b__2_0(FluentValidation.Results.ValidationResult)
FNDA:0,System.Boolean ProductAPI.Application.Configuration.Validation.ValidationBehaviour`2/<>c::<Handle>b__2_0(FluentValidation.Results.ValidationResult)
DA:27,0
FN:27,System.Collections.Generic.IEnumerable`1<FluentValidation.Results.ValidationFailure> ProductAPI.Application.Configuration.Validation.ValidationBehaviour`2/<>c::<Handle>b__2_1(FluentValidation.Results.ValidationResult)
FNDA:0,System.Collections.Generic.IEnumerable`1<FluentValidation.Results.ValidationFailure> ProductAPI.Application.Configuration.Validation.ValidationBehaviour`2/<>c::<Handle>b__2_1(FluentValidation.Results.ValidationResult)
DA:28,0
FN:23,System.Threading.Tasks.Task`1<FluentValidation.Results.ValidationResult> ProductAPI.Application.Configuration.Validation.ValidationBehaviour`2/<>c__DisplayClass2_1::<Handle>b__2(FluentValidation.IValidator`1<TRequest>)
FNDA:0,System.Threading.Tasks.Task`1<FluentValidation.Results.ValidationResult> ProductAPI.Application.Configuration.Validation.ValidationBehaviour`2/<>c__DisplayClass2_1::<Handle>b__2(FluentValidation.IValidator`1<TRequest>)
DA:24,0
FN:16,System.Void ProductAPI.Application.Configuration.Validation.ValidationBehaviour`2/<Handle>d__2::MoveNext()
FNDA:0,System.Void ProductAPI.Application.Configuration.Validation.ValidationBehaviour`2/<Handle>d__2::MoveNext()
DA:17,0
DA:18,0
DA:19,0
DA:20,0
DA:22,0
DA:23,0
DA:26,0
DA:29,0
DA:32,0
DA:33,0
DA:34,0
DA:35,0
DA:36,0
BRDA:18,75,0,0
BRDA:26,297,0,0
BRDA:26,297,1,0
BRDA:26,333,0,0
BRDA:26,333,1,0
BRDA:32,388,0,0
BRDA:32,388,1,0
BRDA:18,75,1,0
LF:20
LH:0
BRF:8
BRH:0
FNF:5
FNH:0
end_of_record
SF:C:\Users\Carlos.romero\Desktop\ChallengeAPI\ProductAPI\src\ProductAPI.Application\Configuration\Mapper\AutoMapptingProfiles.cs
FN:11,System.Void ProductAPI.Application.Configuration.Mapper.AutoMappingProfiles::.ctor()
FNDA:1,System.Void ProductAPI.Application.Configuration.Mapper.AutoMappingProfiles::.ctor()
DA:12,1
DA:13,1
DA:14,1
DA:15,1
DA:16,1
DA:17,1
DA:18,1
DA:19,1
LF:8
LH:8
BRF:0
BRH:0
FNF:1
FNH:1
end_of_record
SF:C:\Users\Carlos.romero\Desktop\ChallengeAPI\ProductAPI\src\ProductAPI.Application\Common\Models\PaginationList.cs
FN:4,System.Collections.Generic.List`1<T> ProductAPI.Application.Common.Models.PaginationList`1::get_Elements()
FNDA:3,System.Collections.Generic.List`1<T> ProductAPI.Application.Common.Models.PaginationList`1::get_Elements()
DA:5,3
FN:5,System.Int32 ProductAPI.Application.Common.Models.PaginationList`1::get_PageNumber()
FNDA:2,System.Int32 ProductAPI.Application.Common.Models.PaginationList`1::get_PageNumber()
DA:6,2
FN:6,System.Int32 ProductAPI.Application.Common.Models.PaginationList`1::get_TotalPages()
FNDA:2,System.Int32 ProductAPI.Application.Common.Models.PaginationList`1::get_TotalPages()
DA:7,2
FN:7,System.Int32 ProductAPI.Application.Common.Models.PaginationList`1::get_TotalCount()
FNDA:2,System.Int32 ProductAPI.Application.Common.Models.PaginationList`1::get_TotalCount()
DA:8,2
FN:18,System.Boolean ProductAPI.Application.Common.Models.PaginationList`1::get_HasPreviousPage()
FNDA:0,System.Boolean ProductAPI.Application.Common.Models.PaginationList`1::get_HasPreviousPage()
DA:19,0
FN:20,System.Boolean ProductAPI.Application.Common.Models.PaginationList`1::get_HasNextPage()
FNDA:0,System.Boolean ProductAPI.Application.Common.Models.PaginationList`1::get_HasNextPage()
DA:21,0
FN:23,ProductAPI.Application.Common.Models.PaginationList`1<T> ProductAPI.Application.Common.Models.PaginationList`1::Create(System.Linq.IQueryable`1<T>,System.Int32,System.Int32)
FNDA:2,ProductAPI.Application.Common.Models.PaginationList`1<T> ProductAPI.Application.Common.Models.PaginationList`1::Create(System.Linq.IQueryable`1<T>,System.Int32,System.Int32)
DA:24,2
DA:25,2
DA:26,2
DA:28,2
DA:29,2
FN:9,System.Void ProductAPI.Application.Common.Models.PaginationList`1::.ctor(System.Collections.Generic.List`1<T>,System.Int32,System.Int32,System.Int32)
FNDA:2,System.Void ProductAPI.Application.Common.Models.PaginationList`1::.ctor(System.Collections.Generic.List`1<T>,System.Int32,System.Int32,System.Int32)
DA:10,2
DA:11,2
DA:12,2
DA:13,2
DA:14,2
DA:15,2
DA:17,2
LF:18
LH:16
BRF:0
BRH:0
FNF:8
FNH:6
end_of_record
SF:C:\Users\Carlos.romero\Desktop\ChallengeAPI\ProductAPI\src\ProductAPI.Application\Common\Models\ResponseModel.cs
FN:5,System.String ProductAPI.Application.Common.Models.ResponseModel::get_Message()
FNDA:14,System.String ProductAPI.Application.Common.Models.ResponseModel::get_Message()
DA:6,14
FN:7,System.Void ProductAPI.Application.Common.Models.ResponseModel::.ctor(System.String)
FNDA:9,System.Void ProductAPI.Application.Common.Models.ResponseModel::.ctor(System.String)
DA:8,9
DA:9,9
DA:10,9
DA:11,9
LF:5
LH:5
BRF:0
BRH:0
FNF:2
FNH:2
end_of_record
SF:C:\Users\Carlos.romero\Desktop\ChallengeAPI\ProductAPI\src\ProductAPI.Application\Commands\Purchase\CreatePurchase\CreatePurchaseCommand.cs
FN:7,System.String ProductAPI.Application.Commands.Purchase.CreatePurchase.CreatePurchaseCommand::get_IdType()
FNDA:1,System.String ProductAPI.Application.Commands.Purchase.CreatePurchase.CreatePurchaseCommand::get_IdType()
DA:8,1
FN:8,System.String ProductAPI.Application.Commands.Purchase.CreatePurchase.CreatePurchaseCommand::get_IdNumber()
FNDA:1,System.String ProductAPI.Application.Commands.Purchase.CreatePurchase.CreatePurchaseCommand::get_IdNumber()
DA:9,1
FN:9,System.String ProductAPI.Application.Commands.Purchase.CreatePurchase.CreatePurchaseCommand::get_ClientName()
FNDA:1,System.String ProductAPI.Application.Commands.Purchase.CreatePurchase.CreatePurchaseCommand::get_ClientName()
DA:10,1
FN:10,System.Collections.Generic.IEnumerable`1<ProductAPI.Application.Commands.Purchase.CreatePurchase.ProductPurchaseModel> ProductAPI.Application.Commands.Purchase.CreatePurchase.CreatePurchaseCommand::get_Products()
FNDA:0,System.Collections.Generic.IEnumerable`1<ProductAPI.Application.Commands.Purchase.CreatePurchase.ProductPurchaseModel> ProductAPI.Application.Commands.Purchase.CreatePurchase.CreatePurchaseCommand::get_Products()
DA:11,0
LF:4
LH:3
BRF:0
BRH:0
FNF:4
FNH:3
end_of_record
SF:C:\Users\Carlos.romero\Desktop\ChallengeAPI\ProductAPI\src\ProductAPI.Application\Commands\Purchase\CreatePurchase\CreatePurchaseCommandHandler.cs
FN:13,System.Void ProductAPI.Application.Commands.Purchase.CreatePurchase.CreatePurchaseCommandHandler::.ctor(ProductAPI.Application.Common.Interfaces.IUnitOfWork,AutoMapper.IMapper)
FNDA:0,System.Void ProductAPI.Application.Commands.Purchase.CreatePurchase.CreatePurchaseCommandHandler::.ctor(ProductAPI.Application.Common.Interfaces.IUnitOfWork,AutoMapper.IMapper)
DA:14,0
DA:15,0
DA:16,0
DA:17,0
DA:18,0
FN:51,System.Boolean ProductAPI.Application.Commands.Purchase.CreatePurchase.CreatePurchaseCommandHandler/<>c__DisplayClass3_0::<Handle>b__0(ProductAPI.Application.Commands.Purchase.CreatePurchase.ProductPurchaseModel)
FNDA:0,System.Boolean ProductAPI.Application.Commands.Purchase.CreatePurchase.CreatePurchaseCommandHandler/<>c__DisplayClass3_0::<Handle>b__0(ProductAPI.Application.Commands.Purchase.CreatePurchase.ProductPurchaseModel)
DA:52,0
FN:21,System.Void ProductAPI.Application.Commands.Purchase.CreatePurchase.CreatePurchaseCommandHandler/<Handle>d__3::MoveNext()
FNDA:0,System.Void ProductAPI.Application.Commands.Purchase.CreatePurchase.CreatePurchaseCommandHandler/<Handle>d__3::MoveNext()
DA:22,0
DA:23,0
DA:24,0
DA:25,0
DA:26,0
DA:27,0
DA:28,0
DA:29,0
DA:30,0
DA:31,0
DA:32,0
DA:33,0
DA:34,0
DA:36,0
DA:37,0
DA:38,0
DA:39,0
DA:40,0
DA:41,0
DA:43,0
DA:45,0
DA:49,0
DA:50,0
DA:51,0
DA:53,0
DA:55,0
DA:56,0
DA:59,0
DA:60,0
BRDA:25,455,1,0
BRDA:25,455,0,0
BRDA:49,1194,1,0
BRDA:49,1194,0,0
LF:35
LH:0
BRF:4
BRH:0
FNF:3
FNH:0
end_of_record
SF:C:\Users\Carlos.romero\Desktop\ChallengeAPI\ProductAPI\src\ProductAPI.Application\Commands\Purchase\CreatePurchase\CreatePurchaseValidator.cs
FN:9,System.Void ProductAPI.Application.Commands.Purchase.CreatePurchase.CreatePurchaseValidator::.ctor(ProductAPI.Application.Common.Interfaces.IUnitOfWork)
FNDA:0,System.Void ProductAPI.Application.Commands.Purchase.CreatePurchase.CreatePurchaseValidator::.ctor(ProductAPI.Application.Common.Interfaces.IUnitOfWork)
DA:10,0
DA:11,0
DA:12,0
DA:13,0
DA:14,0
DA:15,0
DA:16,0
DA:17,0
DA:18,0
DA:19,0
DA:20,0
DA:21,0
DA:23,0
DA:24,0
DA:25,0
DA:26,0
DA:27,0
DA:28,0
DA:30,0
DA:31,0
DA:32,0
DA:33,0
DA:34,0
DA:35,0
DA:37,0
LF:25
LH:0
BRF:0
BRH:0
FNF:1
FNH:0
end_of_record
SF:C:\Users\Carlos.romero\Desktop\ChallengeAPI\ProductAPI\src\ProductAPI.Application\Commands\Purchase\CreatePurchase\ProductPurchaseModel.cs
FN:4,System.Int32 ProductAPI.Application.Commands.Purchase.CreatePurchase.ProductPurchaseModel::get_ProductId()
FNDA:0,System.Int32 ProductAPI.Application.Commands.Purchase.CreatePurchase.ProductPurchaseModel::get_ProductId()
DA:5,0
FN:5,System.Int32 ProductAPI.Application.Commands.Purchase.CreatePurchase.ProductPurchaseModel::get_Quantity()
FNDA:0,System.Int32 ProductAPI.Application.Commands.Purchase.CreatePurchase.ProductPurchaseModel::get_Quantity()
DA:6,0
LF:2
LH:0
BRF:0
BRH:0
FNF:2
FNH:0
end_of_record
SF:C:\Users\Carlos.romero\Desktop\ChallengeAPI\ProductAPI\src\ProductAPI.Application\Commands\Product\UpdateProduct\UpdateProductCommand.cs
FN:7,System.Int32 ProductAPI.Application.Commands.Product.UpdateProduct.UpdateProductCommand::get_ProductId()
FNDA:0,System.Int32 ProductAPI.Application.Commands.Product.UpdateProduct.UpdateProductCommand::get_ProductId()
DA:8,0
FN:8,System.String ProductAPI.Application.Commands.Product.UpdateProduct.UpdateProductCommand::get_ProductName()
FNDA:0,System.String ProductAPI.Application.Commands.Product.UpdateProduct.UpdateProductCommand::get_ProductName()
DA:9,0
FN:9,System.Int32 ProductAPI.Application.Commands.Product.UpdateProduct.UpdateProductCommand::get_InInventory()
FNDA:0,System.Int32 ProductAPI.Application.Commands.Product.UpdateProduct.UpdateProductCommand::get_InInventory()
DA:10,0
FN:10,System.Int32 ProductAPI.Application.Commands.Product.UpdateProduct.UpdateProductCommand::get_MinPurchase()
FNDA:0,System.Int32 ProductAPI.Application.Commands.Product.UpdateProduct.UpdateProductCommand::get_MinPurchase()
DA:11,0
FN:11,System.Int32 ProductAPI.Application.Commands.Product.UpdateProduct.UpdateProductCommand::get_MaxPurchase()
FNDA:0,System.Int32 ProductAPI.Application.Commands.Product.UpdateProduct.UpdateProductCommand::get_MaxPurchase()
DA:12,0
LF:5
LH:0
BRF:0
BRH:0
FNF:5
FNH:0
end_of_record
SF:C:\Users\Carlos.romero\Desktop\ChallengeAPI\ProductAPI\src\ProductAPI.Application\Commands\Product\UpdateProduct\UpdateProductCommandHandler.cs
FN:13,System.Void ProductAPI.Application.Commands.Product.UpdateProduct.UpdateProductCommandHandler::.ctor(ProductAPI.Application.Common.Interfaces.IUnitOfWork,AutoMapper.IMapper)
FNDA:0,System.Void ProductAPI.Application.Commands.Product.UpdateProduct.UpdateProductCommandHandler::.ctor(ProductAPI.Application.Common.Interfaces.IUnitOfWork,AutoMapper.IMapper)
DA:14,0
DA:15,0
DA:16,0
DA:17,0
DA:18,0
FN:20,System.Void ProductAPI.Application.Commands.Product.UpdateProduct.UpdateProductCommandHandler/<Handle>d__3::MoveNext()
FNDA:0,System.Void ProductAPI.Application.Commands.Product.UpdateProduct.UpdateProductCommandHandler/<Handle>d__3::MoveNext()
DA:21,0
DA:22,0
DA:24,0
DA:25,0
DA:28,0
DA:29,0
DA:30,0
DA:31,0
DA:33,0
DA:35,0
DA:36,0
BRDA:24,199,0,0
BRDA:24,199,1,0
LF:16
LH:0
BRF:2
BRH:0
FNF:2
FNH:0
end_of_record
SF:C:\Users\Carlos.romero\Desktop\ChallengeAPI\ProductAPI\src\ProductAPI.Application\Commands\Product\UpdateProduct\UpdateProductValidator.cs
FN:6,System.Void ProductAPI.Application.Commands.Product.UpdateProduct.UpdateProductValidator::.ctor()
FNDA:0,System.Void ProductAPI.Application.Commands.Product.UpdateProduct.UpdateProductValidator::.ctor()
DA:7,0
DA:8,0
DA:9,0
DA:10,0
DA:11,0
DA:12,0
DA:13,0
DA:14,0
DA:15,0
DA:16,0
DA:17,0
DA:18,0
LF:12
LH:0
BRF:0
BRH:0
FNF:1
FNH:0
end_of_record
SF:C:\Users\Carlos.romero\Desktop\ChallengeAPI\ProductAPI\src\ProductAPI.Application\Commands\Product\DeleteProduct\DeleteProductCommand.cs
FN:7,System.Int32 ProductAPI.Application.Commands.Product.DeleteProduct.DeleteProductCommand::get_ProductId()
FNDA:0,System.Int32 ProductAPI.Application.Commands.Product.DeleteProduct.DeleteProductCommand::get_ProductId()
DA:8,0
LF:1
LH:0
BRF:0
BRH:0
FNF:1
FNH:0
end_of_record
SF:C:\Users\Carlos.romero\Desktop\ChallengeAPI\ProductAPI\src\ProductAPI.Application\Commands\Product\DeleteProduct\DeleteProductCommandHandler.cs
FN:13,System.Void ProductAPI.Application.Commands.Product.DeleteProduct.DeleteProductCommandHandler::.ctor(ProductAPI.Application.Common.Interfaces.IUnitOfWork,AutoMapper.IMapper)
FNDA:0,System.Void ProductAPI.Application.Commands.Product.DeleteProduct.DeleteProductCommandHandler::.ctor(ProductAPI.Application.Common.Interfaces.IUnitOfWork,AutoMapper.IMapper)
DA:14,0
DA:15,0
DA:16,0
DA:17,0
DA:18,0
FN:19,System.Void ProductAPI.Application.Commands.Product.DeleteProduct.DeleteProductCommandHandler/<Handle>d__3::MoveNext()
FNDA:0,System.Void ProductAPI.Application.Commands.Product.DeleteProduct.DeleteProductCommandHandler/<Handle>d__3::MoveNext()
DA:20,0
DA:21,0
DA:22,0
DA:23,0
DA:25,0
DA:26,0
DA:28,0
DA:30,0
BRDA:22,199,0,0
BRDA:22,199,1,0
LF:13
LH:0
BRF:2
BRH:0
FNF:2
FNH:0
end_of_record
SF:C:\Users\Carlos.romero\Desktop\ChallengeAPI\ProductAPI\src\ProductAPI.Application\Commands\Product\CreateProduct\CreateProductCommand.cs
FN:7,System.String ProductAPI.Application.Commands.Product.CreateProduct.CreateProductCommand::get_ProductName()
FNDA:3,System.String ProductAPI.Application.Commands.Product.CreateProduct.CreateProductCommand::get_ProductName()
DA:8,3
FN:8,System.Int32 ProductAPI.Application.Commands.Product.CreateProduct.CreateProductCommand::get_InInventory()
FNDA:3,System.Int32 ProductAPI.Application.Commands.Product.CreateProduct.CreateProductCommand::get_InInventory()
DA:9,3
FN:9,System.Int32 ProductAPI.Application.Commands.Product.CreateProduct.CreateProductCommand::get_MinPurchase()
FNDA:3,System.Int32 ProductAPI.Application.Commands.Product.CreateProduct.CreateProductCommand::get_MinPurchase()
DA:10,3
FN:10,System.Int32 ProductAPI.Application.Commands.Product.CreateProduct.CreateProductCommand::get_MaxPurchase()
FNDA:3,System.Int32 ProductAPI.Application.Commands.Product.CreateProduct.CreateProductCommand::get_MaxPurchase()
DA:11,3
LF:4
LH:4
BRF:0
BRH:0
FNF:4
FNH:4
end_of_record
SF:C:\Users\Carlos.romero\Desktop\ChallengeAPI\ProductAPI\src\ProductAPI.Application\Commands\Product\CreateProduct\CreateProductCommandHandler.cs
FN:13,System.Void ProductAPI.Application.Commands.Product.CreateProduct.CreateProductCommandHandler::.ctor(ProductAPI.Application.Common.Interfaces.IUnitOfWork,AutoMapper.IMapper)
FNDA:1,System.Void ProductAPI.Application.Commands.Product.CreateProduct.CreateProductCommandHandler::.ctor(ProductAPI.Application.Common.Interfaces.IUnitOfWork,AutoMapper.IMapper)
DA:14,1
DA:15,1
DA:16,1
DA:17,1
DA:18,1
FN:20,System.Void ProductAPI.Application.Commands.Product.CreateProduct.CreateProductCommandHandler/<Handle>d__3::MoveNext()
FNDA:1,System.Void ProductAPI.Application.Commands.Product.CreateProduct.CreateProductCommandHandler/<Handle>d__3::MoveNext()
DA:21,1
DA:22,1
DA:23,1
DA:24,1
DA:25,1
DA:26,1
DA:27,1
LF:12
LH:12
BRF:0
BRH:0
FNF:2
FNH:2
end_of_record
SF:C:\Users\Carlos.romero\Desktop\ChallengeAPI\ProductAPI\src\ProductAPI.Application\Commands\Product\CreateProduct\CreateProductValidator.cs
FN:6,System.Void ProductAPI.Application.Commands.Product.CreateProduct.CreateProductValidator::.ctor()
FNDA:0,System.Void ProductAPI.Application.Commands.Product.CreateProduct.CreateProductValidator::.ctor()
DA:7,0
DA:8,0
DA:9,0
DA:10,0
DA:11,0
DA:12,0
DA:13,0
DA:14,0
DA:15,0
DA:16,0
DA:18,0
LF:11
LH:0
BRF:0
BRH:0
FNF:1
FNH:0
end_of_record
SF:C:\Users\Carlos.romero\Desktop\ChallengeAPI\ProductAPI\src\ProductAPI.Domain\Models\Product.cs
FN:4,System.Int32 ProductAPI.Domain.Models.Product::get_ProductId()
FNDA:0,System.Int32 ProductAPI.Domain.Models.Product::get_ProductId()
DA:5,0
FN:5,System.String ProductAPI.Domain.Models.Product::get_ProductName()
FNDA:2,System.String ProductAPI.Domain.Models.Product::get_ProductName()
DA:6,2
FN:6,System.Int32 ProductAPI.Domain.Models.Product::get_InInventory()
FNDA:2,System.Int32 ProductAPI.Domain.Models.Product::get_InInventory()
DA:7,2
FN:7,System.Boolean ProductAPI.Domain.Models.Product::get_IsEnabled()
FNDA:1,System.Boolean ProductAPI.Domain.Models.Product::get_IsEnabled()
DA:8,1
FN:8,System.Int32 ProductAPI.Domain.Models.Product::get_MinPurchase()
FNDA:2,System.Int32 ProductAPI.Domain.Models.Product::get_MinPurchase()
DA:9,2
FN:9,System.Int32 ProductAPI.Domain.Models.Product::get_MaxPurchase()
FNDA:2,System.Int32 ProductAPI.Domain.Models.Product::get_MaxPurchase()
DA:10,2
FN:10,System.Collections.Generic.ICollection`1<ProductAPI.Domain.Models.Purchase> ProductAPI.Domain.Models.Product::get_Purchases()
FNDA:0,System.Collections.Generic.ICollection`1<ProductAPI.Domain.Models.Purchase> ProductAPI.Domain.Models.Product::get_Purchases()
DA:11,0
FN:11,System.Collections.Generic.ICollection`1<ProductAPI.Domain.Models.ProductPurchase> ProductAPI.Domain.Models.Product::get_ProductPurchases()
FNDA:0,System.Collections.Generic.ICollection`1<ProductAPI.Domain.Models.ProductPurchase> ProductAPI.Domain.Models.Product::get_ProductPurchases()
DA:12,0
LF:8
LH:5
BRF:0
BRH:0
FNF:8
FNH:5
end_of_record
SF:C:\Users\Carlos.romero\Desktop\ChallengeAPI\ProductAPI\src\ProductAPI.Domain\Models\ProductPurchase.cs
FN:4,System.Int32 ProductAPI.Domain.Models.ProductPurchase::get_ProductId()
FNDA:0,System.Int32 ProductAPI.Domain.Models.ProductPurchase::get_ProductId()
DA:5,0
FN:5,ProductAPI.Domain.Models.Product ProductAPI.Domain.Models.ProductPurchase::get_Product()
FNDA:0,ProductAPI.Domain.Models.Product ProductAPI.Domain.Models.ProductPurchase::get_Product()
DA:6,0
FN:6,System.Int32 ProductAPI.Domain.Models.ProductPurchase::get_PurchaseId()
FNDA:0,System.Int32 ProductAPI.Domain.Models.ProductPurchase::get_PurchaseId()
DA:7,0
FN:7,ProductAPI.Domain.Models.Purchase ProductAPI.Domain.Models.ProductPurchase::get_Purchase()
FNDA:0,ProductAPI.Domain.Models.Purchase ProductAPI.Domain.Models.ProductPurchase::get_Purchase()
DA:8,0
FN:8,System.Int32 ProductAPI.Domain.Models.ProductPurchase::get_Quantity()
FNDA:0,System.Int32 ProductAPI.Domain.Models.ProductPurchase::get_Quantity()
DA:9,0
LF:5
LH:0
BRF:0
BRH:0
FNF:5
FNH:0
end_of_record
SF:C:\Users\Carlos.romero\Desktop\ChallengeAPI\ProductAPI\src\ProductAPI.Domain\Models\Purchase.cs
FN:4,System.Int32 ProductAPI.Domain.Models.Purchase::get_PurchaseId()
FNDA:0,System.Int32 ProductAPI.Domain.Models.Purchase::get_PurchaseId()
DA:5,0
FN:5,System.DateTime ProductAPI.Domain.Models.Purchase::get_Date()
FNDA:0,System.DateTime ProductAPI.Domain.Models.Purchase::get_Date()
DA:6,0
FN:6,System.String ProductAPI.Domain.Models.Purchase::get_IdType()
FNDA:0,System.String ProductAPI.Domain.Models.Purchase::get_IdType()
DA:7,0
FN:7,System.String ProductAPI.Domain.Models.Purchase::get_IdNumber()
FNDA:0,System.String ProductAPI.Domain.Models.Purchase::get_IdNumber()
DA:8,0
FN:8,System.String ProductAPI.Domain.Models.Purchase::get_ClientName()
FNDA:0,System.String ProductAPI.Domain.Models.Purchase::get_ClientName()
DA:9,0
FN:9,System.Collections.Generic.ICollection`1<ProductAPI.Domain.Models.Product> ProductAPI.Domain.Models.Purchase::get_Products()
FNDA:0,System.Collections.Generic.ICollection`1<ProductAPI.Domain.Models.Product> ProductAPI.Domain.Models.Purchase::get_Products()
DA:10,0
FN:10,System.Collections.Generic.ICollection`1<ProductAPI.Domain.Models.ProductPurchase> ProductAPI.Domain.Models.Purchase::get_ProductPurchases()
FNDA:0,System.Collections.Generic.ICollection`1<ProductAPI.Domain.Models.ProductPurchase> ProductAPI.Domain.Models.Purchase::get_ProductPurchases()
DA:11,0
LF:7
LH:0
BRF:0
BRH:0
FNF:7
FNH:0
end_of_record
SF:C:\Users\Carlos.romero\Desktop\ChallengeAPI\ProductAPI\src\ProductAPI.Domain\Exceptions\Implementation\ProductNotFoundException.cs
FN:6,System.Void ProductAPI.Domain.Exceptions.Implementation.ProductNotFoundException::.ctor(System.String,System.Object)
FNDA:1,System.Void ProductAPI.Domain.Exceptions.Implementation.ProductNotFoundException::.ctor(System.String,System.Object)
DA:7,1
DA:8,1
DA:9,1
LF:3
LH:3
BRF:0
BRH:0
FNF:1
FNH:1
end_of_record
SF:C:\Users\Carlos.romero\Desktop\ChallengeAPI\ProductAPI\src\ProductAPI.Domain\Exceptions\Abstract\ExceptionModel.cs
FN:4,System.Object ProductAPI.Domain.Exceptions.Abstract.ExceptionModel::get_Errors()
FNDA:1,System.Object ProductAPI.Domain.Exceptions.Abstract.ExceptionModel::get_Errors()
DA:5,1
FN:9,System.Void ProductAPI.Domain.Exceptions.Abstract.ExceptionModel::.ctor(System.String,System.Object)
FNDA:1,System.Void ProductAPI.Domain.Exceptions.Abstract.ExceptionModel::.ctor(System.String,System.Object)
DA:10,1
DA:11,1
DA:12,1
DA:13,1
LF:5
LH:5
BRF:0
BRH:0
FNF:2
FNH:2
end_of_record
SF:C:\Users\Carlos.romero\Desktop\ChallengeAPI\ProductAPI\src\ProductAPI.Domain\Error\ErrorModel.cs
FN:4,System.String ProductAPI.Domain.Error.ErrorModel::get_ErrorCode()
FNDA:4,System.String ProductAPI.Domain.Error.ErrorModel::get_ErrorCode()
DA:5,4
FN:5,System.String ProductAPI.Domain.Error.ErrorModel::get_Message()
FNDA:4,System.String ProductAPI.Domain.Error.ErrorModel::get_Message()
DA:6,4
FN:6,System.Collections.Generic.Dictionary`2<System.String,System.String> ProductAPI.Domain.Error.ErrorModel::get_AdditionalInf()
FNDA:4,System.Collections.Generic.Dictionary`2<System.String,System.String> ProductAPI.Domain.Error.ErrorModel::get_AdditionalInf()
DA:7,4
LF:3
LH:3
BRF:0
BRH:0
FNF:3
FNH:3
end_of_record
SF:C:\Users\Carlos.romero\Desktop\ChallengeAPI\ProductAPI\src\ProductAPI.Domain\Error\ErrorModelBuilder.cs
FN:10,ProductAPI.Domain.Error.ErrorModelBuilder ProductAPI.Domain.Error.ErrorModelBuilder::WithErrorCode(System.String)
FNDA:2,ProductAPI.Domain.Error.ErrorModelBuilder ProductAPI.Domain.Error.ErrorModelBuilder::WithErrorCode(System.String)
DA:11,2
DA:12,2
DA:13,2
DA:14,2
FN:15,ProductAPI.Domain.Error.ErrorModelBuilder ProductAPI.Domain.Error.ErrorModelBuilder::WithMessage(System.String)
FNDA:2,ProductAPI.Domain.Error.ErrorModelBuilder ProductAPI.Domain.Error.ErrorModelBuilder::WithMessage(System.String)
DA:16,2
DA:17,2
DA:18,2
DA:19,2
FN:21,ProductAPI.Domain.Error.ErrorModelBuilder ProductAPI.Domain.Error.ErrorModelBuilder::WithAdditionalInf(System.Collections.Generic.Dictionary`2<System.String,System.String>)
FNDA:1,ProductAPI.Domain.Error.ErrorModelBuilder ProductAPI.Domain.Error.ErrorModelBuilder::WithAdditionalInf(System.Collections.Generic.Dictionary`2<System.String,System.String>)
DA:22,1
DA:23,1
DA:24,1
DA:25,1
FN:26,ProductAPI.Domain.Error.ErrorModel ProductAPI.Domain.Error.ErrorModelBuilder::Build()
FNDA:2,ProductAPI.Domain.Error.ErrorModel ProductAPI.Domain.Error.ErrorModelBuilder::Build()
DA:27,2
DA:28,2
DA:29,2
DA:30,2
DA:31,2
DA:32,2
DA:33,2
FN:6,System.Void ProductAPI.Domain.Error.ErrorModelBuilder::.ctor()
FNDA:2,System.Void ProductAPI.Domain.Error.ErrorModelBuilder::.ctor()
DA:7,2
DA:8,2
DA:9,2
LF:22
LH:22
BRF:0
BRH:0
FNF:5
FNH:5
end_of_record
SF:C:\Users\Carlos.romero\Desktop\ChallengeAPI\ProductAPI\src\ProductAPI.Infrastructure\DependencyInjection.cs
FN:14,Microsoft.Extensions.DependencyInjection.IServiceCollection ProductAPI.Infrastructure.DependencyInjection::AddInfrastructureService(Microsoft.Extensions.DependencyInjection.IServiceCollection,Microsoft.Extensions.Configuration.IConfiguration)
FNDA:0,Microsoft.Extensions.DependencyInjection.IServiceCollection ProductAPI.Infrastructure.DependencyInjection::AddInfrastructureService(Microsoft.Extensions.DependencyInjection.IServiceCollection,Microsoft.Extensions.Configuration.IConfiguration)
DA:15,0
DA:16,0
DA:17,0
DA:18,0
DA:20,0
DA:21,0
DA:22,0
DA:23,0
DA:24,0
DA:25,0
LF:10
LH:0
BRF:0
BRH:0
FNF:1
FNH:0
end_of_record
SF:C:\Users\Carlos.romero\Desktop\ChallengeAPI\ProductAPI\src\ProductAPI.Infrastructure\Repositories\GenericRepository.cs
FN:22,System.Threading.Tasks.Task ProductAPI.Infrastructure.Repositories.GenericRepository`1::Delete(System.Int32)
FNDA:0,System.Threading.Tasks.Task ProductAPI.Infrastructure.Repositories.GenericRepository`1::Delete(System.Int32)
DA:23,0
DA:24,0
FN:69,System.Void ProductAPI.Infrastructure.Repositories.GenericRepository`1::Update(T)
FNDA:0,System.Void ProductAPI.Infrastructure.Repositories.GenericRepository`1::Update(T)
DA:70,0
DA:71,0
FN:11,System.Void ProductAPI.Infrastructure.Repositories.GenericRepository`1::.ctor(ProductAPI.Infrastructure.Context.ProductPurchaseContext)
FNDA:0,System.Void ProductAPI.Infrastructure.Repositories.GenericRepository`1::.ctor(ProductAPI.Infrastructure.Context.ProductPurchaseContext)
DA:12,0
DA:13,0
DA:14,0
DA:15,0
FN:17,System.Void ProductAPI.Infrastructure.Repositories.GenericRepository`1/<AddAsync>d__2::MoveNext()
FNDA:0,System.Void ProductAPI.Infrastructure.Repositories.GenericRepository`1/<AddAsync>d__2::MoveNext()
DA:18,0
DA:19,0
DA:20,0
FN:30,System.Void ProductAPI.Infrastructure.Repositories.GenericRepository`1/<GetAll>d__4::MoveNext()
FNDA:0,System.Void ProductAPI.Infrastructure.Repositories.GenericRepository`1/<GetAll>d__4::MoveNext()
DA:31,0
DA:32,0
DA:34,0
DA:35,0
DA:36,0
DA:37,0
DA:39,0
DA:40,0
DA:41,0
DA:42,0
DA:43,0
DA:44,0
DA:45,0
DA:46,0
DA:48,0
DA:49,0
DA:50,0
DA:51,0
DA:52,0
DA:54,0
DA:55,0
DA:56,0
DA:59,0
DA:60,0
DA:62,0
BRDA:34,57,0,0
BRDA:34,57,1,0
BRDA:39,95,0,0
BRDA:39,95,1,0
BRDA:43,135,0,0
BRDA:43,135,1,0
BRDA:48,280,1,0
BRDA:48,280,0,0
BRDA:54,302,0,0
BRDA:54,302,1,0
FN:64,System.Void ProductAPI.Infrastructure.Repositories.GenericRepository`1/<GetByIdAsync>d__5::MoveNext()
FNDA:0,System.Void ProductAPI.Infrastructure.Repositories.GenericRepository`1/<GetByIdAsync>d__5::MoveNext()
DA:65,0
DA:66,0
DA:67,0
LF:39
LH:0
BRF:10
BRH:0
FNF:6
FNH:0
end_of_record
SF:C:\Users\Carlos.romero\Desktop\ChallengeAPI\ProductAPI\src\ProductAPI.Infrastructure\Repositories\UnitOfWork.cs
FN:25,ProductAPI.Application.Common.Interfaces.IGenericRepository`1<ProductAPI.Domain.Models.Product> ProductAPI.Infrastructure.Repositories.UnitOfWork::get_ProductRepository()
FNDA:0,ProductAPI.Application.Common.Interfaces.IGenericRepository`1<ProductAPI.Domain.Models.Product> ProductAPI.Infrastructure.Repositories.UnitOfWork::get_ProductRepository()
DA:26,0
BRDA:26,7,0,0
BRDA:26,7,1,0
FN:27,ProductAPI.Application.Common.Interfaces.IGenericRepository`1<ProductAPI.Domain.Models.Purchase> ProductAPI.Infrastructure.Repositories.UnitOfWork::get_PurchaseRepository()
FNDA:0,ProductAPI.Application.Common.Interfaces.IGenericRepository`1<ProductAPI.Domain.Models.Purchase> ProductAPI.Infrastructure.Repositories.UnitOfWork::get_PurchaseRepository()
DA:28,0
BRDA:28,7,0,0
BRDA:28,7,1,0
FN:29,ProductAPI.Application.Common.Interfaces.IGenericRepository`1<ProductAPI.Domain.Models.ProductPurchase> ProductAPI.Infrastructure.Repositories.UnitOfWork::get_ProductPurchaseRepository()
FNDA:0,ProductAPI.Application.Common.Interfaces.IGenericRepository`1<ProductAPI.Domain.Models.ProductPurchase> ProductAPI.Infrastructure.Repositories.UnitOfWork::get_ProductPurchaseRepository()
DA:30,0
FN:32,System.Void ProductAPI.Infrastructure.Repositories.UnitOfWork::Dispose()
FNDA:0,System.Void ProductAPI.Infrastructure.Repositories.UnitOfWork::Dispose()
DA:33,0
DA:34,0
DA:35,0
DA:36,0
DA:37,0
BRDA:34,12,0,0
BRDA:34,12,1,0
FN:39,System.Void ProductAPI.Infrastructure.Repositories.UnitOfWork::SaveChanges()
FNDA:0,System.Void ProductAPI.Infrastructure.Repositories.UnitOfWork::SaveChanges()
DA:40,0
DA:41,0
DA:42,0
FN:14,System.Void ProductAPI.Infrastructure.Repositories.UnitOfWork::.ctor(ProductAPI.Infrastructure.Context.ProductPurchaseContext,ProductAPI.Application.Common.Interfaces.IGenericRepository`1<ProductAPI.Domain.Models.Product>,ProductAPI.Application.Common.Interfaces.IGenericRepository`1<ProductAPI.Domain.Models.Purchase>,ProductAPI.Application.Common.Interfaces.IGenericRepository`1<ProductAPI.Domain.Models.ProductPurchase>)
FNDA:0,System.Void ProductAPI.Infrastructure.Repositories.UnitOfWork::.ctor(ProductAPI.Infrastructure.Context.ProductPurchaseContext,ProductAPI.Application.Common.Interfaces.IGenericRepository`1<ProductAPI.Domain.Models.Product>,ProductAPI.Application.Common.Interfaces.IGenericRepository`1<ProductAPI.Domain.Models.Purchase>,ProductAPI.Application.Common.Interfaces.IGenericRepository`1<ProductAPI.Domain.Models.ProductPurchase>)
DA:15,0
DA:16,0
DA:17,0
DA:18,0
DA:19,0
DA:20,0
DA:21,0
DA:22,0
DA:23,0
DA:24,0
FN:44,System.Void ProductAPI.Infrastructure.Repositories.UnitOfWork/<SaveChangesAsync>d__13::MoveNext()
FNDA:0,System.Void ProductAPI.Infrastructure.Repositories.UnitOfWork/<SaveChangesAsync>d__13::MoveNext()
DA:45,0
DA:46,0
DA:47,0
LF:24
LH:0
BRF:6
BRH:0
FNF:7
FNH:0
end_of_record
SF:C:\Users\Carlos.romero\Desktop\ChallengeAPI\ProductAPI\src\ProductAPI.Infrastructure\Migrations\20230104184545_NewAttempt.cs
FN:12,System.Void ProductAPI.Infrastructure.Migrations.NewAttempt::Up(Microsoft.EntityFrameworkCore.Migrations.MigrationBuilder)
FNDA:0,System.Void ProductAPI.Infrastructure.Migrations.NewAttempt::Up(Microsoft.EntityFrameworkCore.Migrations.MigrationBuilder)
DA:13,0
DA:14,0
DA:15,0
DA:16,0
DA:17,0
DA:18,0
DA:19,0
DA:20,0
DA:21,0
DA:22,0
DA:23,0
DA:24,0
DA:25,0
DA:26,0
DA:27,0
DA:28,0
DA:29,0
DA:31,0
DA:32,0
DA:33,0
DA:34,0
DA:35,0
DA:36,0
DA:37,0
DA:38,0
DA:39,0
DA:40,0
DA:41,0
DA:42,0
DA:43,0
DA:44,0
DA:45,0
DA:47,0
DA:48,0
DA:49,0
DA:50,0
DA:51,0
DA:52,0
DA:53,0
DA:54,0
DA:55,0
DA:56,0
DA:57,0
DA:58,0
DA:59,0
DA:60,0
DA:61,0
DA:62,0
DA:63,0
DA:64,0
DA:65,0
DA:66,0
DA:67,0
DA:68,0
DA:69,0
DA:70,0
DA:72,0
DA:73,0
DA:74,0
DA:75,0
DA:76,0
FN:79,System.Void ProductAPI.Infrastructure.Migrations.NewAttempt::Down(Microsoft.EntityFrameworkCore.Migrations.MigrationBuilder)
FNDA:0,System.Void ProductAPI.Infrastructure.Migrations.NewAttempt::Down(Microsoft.EntityFrameworkCore.Migrations.MigrationBuilder)
DA:80,0
DA:81,0
DA:82,0
DA:84,0
DA:85,0
DA:87,0
DA:88,0
DA:89,0
LF:69
LH:0
BRF:0
BRH:0
FNF:2
FNH:0
end_of_record
SF:C:\Users\Carlos.romero\Desktop\ChallengeAPI\ProductAPI\src\ProductAPI.Infrastructure\Migrations\20230104184545_NewAttempt.Designer.cs
FN:19,System.Void ProductAPI.Infrastructure.Migrations.NewAttempt::BuildTargetModel(Microsoft.EntityFrameworkCore.ModelBuilder)
FNDA:0,System.Void ProductAPI.Infrastructure.Migrations.NewAttempt::BuildTargetModel(Microsoft.EntityFrameworkCore.ModelBuilder)
DA:20,0
DA:22,0
DA:23,0
DA:24,0
DA:26,0
DA:28,0
DA:29,0
DA:30,0
DA:31,0
DA:32,0
DA:33,0
DA:34,0
DA:35,0
DA:36,0
DA:37,0
DA:38,0
DA:39,0
DA:40,0
DA:41,0
DA:42,0
DA:43,0
DA:44,0
DA:45,0
DA:46,0
DA:47,0
DA:48,0
DA:49,0
DA:50,0
DA:51,0
DA:52,0
DA:53,0
DA:54,0
DA:55,0
DA:57,0
DA:58,0
DA:59,0
DA:60,0
DA:61,0
DA:62,0
DA:63,0
DA:64,0
DA:65,0
DA:66,0
DA:67,0
DA:68,0
DA:69,0
DA:70,0
DA:71,0
DA:72,0
DA:73,0
DA:75,0
DA:76,0
DA:77,0
DA:78,0
DA:79,0
DA:80,0
DA:81,0
DA:82,0
DA:83,0
DA:84,0
DA:85,0
DA:86,0
DA:87,0
DA:88,0
DA:89,0
DA:90,0
DA:91,0
DA:92,0
DA:93,0
DA:94,0
DA:95,0
DA:96,0
DA:97,0
DA:98,0
DA:99,0
DA:100,0
DA:101,0
DA:103,0
DA:104,0
DA:105,0
DA:106,0
DA:107,0
DA:108,0
DA:109,0
DA:110,0
DA:111,0
DA:112,0
DA:113,0
DA:114,0
DA:115,0
DA:116,0
DA:117,0
DA:118,0
DA:119,0
DA:120,0
DA:122,0
DA:123,0
DA:124,0
DA:125,0
DA:127,0
DA:128,0
DA:129,0
DA:130,0
DA:132,0
LF:104
LH:0
BRF:0
BRH:0
FNF:1
FNH:0
end_of_record
SF:C:\Users\Carlos.romero\Desktop\ChallengeAPI\ProductAPI\src\ProductAPI.Infrastructure\Migrations\ProductPurchaseContextModelSnapshot.cs
FN:16,System.Void ProductAPI.Infrastructure.Migrations.ProductPurchaseContextModelSnapshot::BuildModel(Microsoft.EntityFrameworkCore.ModelBuilder)
FNDA:0,System.Void ProductAPI.Infrastructure.Migrations.ProductPurchaseContextModelSnapshot::BuildModel(Microsoft.EntityFrameworkCore.ModelBuilder)
DA:17,0
DA:19,0
DA:20,0
DA:21,0
DA:23,0
DA:25,0
DA:26,0
DA:27,0
DA:28,0
DA:29,0
DA:30,0
DA:31,0
DA:32,0
DA:33,0
DA:34,0
DA:35,0
DA:36,0
DA:37,0
DA:38,0
DA:39,0
DA:40,0
DA:41,0
DA:42,0
DA:43,0
DA:44,0
DA:45,0
DA:46,0
DA:47,0
DA:48,0
DA:49,0
DA:50,0
DA:51,0
DA:52,0
DA:54,0
DA:55,0
DA:56,0
DA:57,0
DA:58,0
DA:59,0
DA:60,0
DA:61,0
DA:62,0
DA:63,0
DA:64,0
DA:65,0
DA:66,0
DA:67,0
DA:68,0
DA:69,0
DA:70,0
DA:72,0
DA:73,0
DA:74,0
DA:75,0
DA:76,0
DA:77,0
DA:78,0
DA:79,0
DA:80,0
DA:81,0
DA:82,0
DA:83,0
DA:84,0
DA:85,0
DA:86,0
DA:87,0
DA:88,0
DA:89,0
DA:90,0
DA:91,0
DA:92,0
DA:93,0
DA:94,0
DA:95,0
DA:96,0
DA:97,0
DA:98,0
DA:100,0
DA:101,0
DA:102,0
DA:103,0
DA:104,0
DA:105,0
DA:106,0
DA:107,0
DA:108,0
DA:109,0
DA:110,0
DA:111,0
DA:112,0
DA:113,0
DA:114,0
DA:115,0
DA:116,0
DA:117,0
DA:119,0
DA:120,0
DA:121,0
DA:122,0
DA:124,0
DA:125,0
DA:126,0
DA:127,0
DA:129,0
LF:104
LH:0
BRF:0
BRH:0
FNF:1
FNH:0
end_of_record
SF:C:\Users\Carlos.romero\Desktop\ChallengeAPI\ProductAPI\src\ProductAPI.Infrastructure\MicroORM\DapperService.cs
FN:11,System.Void ProductAPI.Infrastructure.MicroORM.DapperService`1::.ctor(Microsoft.Extensions.Configuration.IConfiguration)
FNDA:0,System.Void ProductAPI.Infrastructure.MicroORM.DapperService`1::.ctor(Microsoft.Extensions.Configuration.IConfiguration)
DA:12,0
DA:13,0
DA:14,0
DA:15,0
FN:17,System.Void ProductAPI.Infrastructure.MicroORM.DapperService`1/<Get>d__2::MoveNext()
FNDA:0,System.Void ProductAPI.Infrastructure.MicroORM.DapperService`1/<Get>d__2::MoveNext()
DA:18,0
DA:19,0
DA:20,0
DA:21,0
DA:22,0
FN:24,System.Void ProductAPI.Infrastructure.MicroORM.DapperService`1/<Get>d__3::MoveNext()
FNDA:0,System.Void ProductAPI.Infrastructure.MicroORM.DapperService`1/<Get>d__3::MoveNext()
DA:25,0
DA:26,0
DA:27,0
DA:28,0
DA:29,0
LF:14
LH:0
BRF:0
BRH:0
FNF:3
FNH:0
end_of_record
SF:C:\Users\Carlos.romero\Desktop\ChallengeAPI\ProductAPI\src\ProductAPI.Infrastructure\Context\ProductPurchaseContext.cs
FN:15,Microsoft.EntityFrameworkCore.DbSet`1<ProductAPI.Domain.Models.Product> ProductAPI.Infrastructure.Context.ProductPurchaseContext::get_Products()
FNDA:0,Microsoft.EntityFrameworkCore.DbSet`1<ProductAPI.Domain.Models.Product> ProductAPI.Infrastructure.Context.ProductPurchaseContext::get_Products()
DA:16,0
FN:16,Microsoft.EntityFrameworkCore.DbSet`1<ProductAPI.Domain.Models.Purchase> ProductAPI.Infrastructure.Context.ProductPurchaseContext::get_Purchases()
FNDA:0,Microsoft.EntityFrameworkCore.DbSet`1<ProductAPI.Domain.Models.Purchase> ProductAPI.Infrastructure.Context.ProductPurchaseContext::get_Purchases()
DA:17,0
FN:19,System.Void ProductAPI.Infrastructure.Context.ProductPurchaseContext::OnModelCreating(Microsoft.EntityFrameworkCore.ModelBuilder)
FNDA:0,System.Void ProductAPI.Infrastructure.Context.ProductPurchaseContext::OnModelCreating(Microsoft.EntityFrameworkCore.ModelBuilder)
DA:20,0
DA:21,0
DA:22,0
DA:23,0
DA:25,0
DA:26,0
DA:28,0
DA:29,0
DA:30,0
DA:31,0
DA:32,0
DA:33,0
DA:34,0
DA:35,0
DA:36,0
DA:37,0
DA:38,0
DA:39,0
DA:40,0
DA:59,0
FN:7,System.Void ProductAPI.Infrastructure.Context.ProductPurchaseContext::.ctor(Microsoft.EntityFrameworkCore.DbContextOptions)
FNDA:0,System.Void ProductAPI.Infrastructure.Context.ProductPurchaseContext::.ctor(Microsoft.EntityFrameworkCore.DbContextOptions)
DA:8,0
DA:9,0
DA:10,0
FN:11,System.Void ProductAPI.Infrastructure.Context.ProductPurchaseContext::.ctor()
FNDA:0,System.Void ProductAPI.Infrastructure.Context.ProductPurchaseContext::.ctor()
DA:12,0
DA:13,0
DA:14,0
LF:28
LH:0
BRF:0
BRH:0
FNF:5
FNH:0
end_of_record
SF:C:\Users\Carlos.romero\Desktop\ChallengeAPI\ProductAPI\src\ProductAPI.Infrastructure\Context\ProductPurchaseContextInitializer.cs
FN:7,System.Void ProductAPI.Infrastructure.Context.ProductPurchaseContextInitializer::.ctor(ProductAPI.Infrastructure.Context.ProductPurchaseContext)
FNDA:0,System.Void ProductAPI.Infrastructure.Context.ProductPurchaseContextInitializer::.ctor(ProductAPI.Infrastructure.Context.ProductPurchaseContext)
DA:8,0
DA:9,0
DA:10,0
DA:11,0
FN:13,System.Void ProductAPI.Infrastructure.Context.ProductPurchaseContextInitializer/<InitialiseAsync>d__2::MoveNext()
FNDA:0,System.Void ProductAPI.Infrastructure.Context.ProductPurchaseContextInitializer/<InitialiseAsync>d__2::MoveNext()
DA:14,0
DA:16,0
DA:17,0
DA:18,0
DA:19,0
DA:20,0
DA:21,0
DA:22,0
DA:23,0
DA:25,0
DA:26,0
DA:27,0
BRDA:17,47,0,0
BRDA:17,47,1,0
LF:16
LH:0
BRF:2
BRH:0
FNF:2
FNH:0
end_of_record